<?xml version="1.0" encoding="UTF-8"?>
<!-- Generated by org.testng.reporters.JUnitReportReporter -->
<testsuite hostname="INBOOK_X1_SLIM" failures="0" tests="5" name="jobHuntingPackage.focusApply" time="59.595" errors="0" timestamp="2024-09-10T00:15:40 IST" skipped="0">
  <testcase classname="jobHuntingPackage.focusApply" name="invokeBrowser" time="1.925"/>
  <testcase classname="jobHuntingPackage.focusApply" name="searchKeyword" time="9.620"/>
  <testcase classname="jobHuntingPackage.focusApply" name="applyjob" time="30.997"/>
  <testcase classname="jobHuntingPackage.focusApply" name="updateResume" time="13.402"/>
  <testcase classname="jobHuntingPackage.focusApply" name="login" time="3.651"/>
</testsuite> <!-- jobHuntingPackage.focusApply -->
